Using pre-set license
Built from '2020.3/staging' branch; Version is '2020.3.0f1 (c7b5465681fb) revision 13088070'; Using compiler version '192528614'; Build Type 'Release'
OS: 'Windows 10 Pro; OS build 19042.867; Version 2009; 64bit' Language: 'en' Physical Memory: 16343 MB
BatchMode: 1, IsHumanControllingUs: 0, StartBugReporterOnCrash: 0, Is64bit: 1, IsPro: 0

 COMMAND LINE ARGUMENTS:
C:\Program Files\Unity\Editor\2020.3.0f1\Editor\Unity.exe
-adb2
-batchMode
-noUpm
-name
AssetImportWorker0
-projectPath
C:/Users/elias/Desktop/School/Spring 2021/GIMM 300/g4p2/GIMM-310-AR-App/310ARapp
-logFile
Logs/AssetImportWorker0.log
-srvPort
59574
Successfully changed project path to: C:/Users/elias/Desktop/School/Spring 2021/GIMM 300/g4p2/GIMM-310-AR-App/310ARapp
C:/Users/elias/Desktop/School/Spring 2021/GIMM 300/g4p2/GIMM-310-AR-App/310ARapp
Using Asset Import Pipeline V2.
Refreshing native plugins compatible for Editor in 27.37 ms, found 0 plugins.
Preloading 0 native plugins for Editor in 0.00 ms.
Initialize engine version: 2020.3.0f1 (c7b5465681fb)
[Subsystems] Discovering subsystems at path C:/Program Files/Unity/Editor/2020.3.0f1/Editor/Data/Resources/UnitySubsystems
[Subsystems] Discovering subsystems at path C:/Users/elias/Desktop/School/Spring 2021/GIMM 300/g4p2/GIMM-310-AR-App/310ARapp/Assets
GfxDevice: creating device client; threaded=0
Direct3D:
    Version:  Direct3D 11.0 [level 11.1]
    Renderer: NVIDIA GeForce GTX 1070 Ti (ID=0x1b82)
    Vendor:   
    VRAM:     8079 MB
    Driver:   27.21.14.6140
Initialize mono
Mono path[0] = 'C:/Program Files/Unity/Editor/2020.3.0f1/Editor/Data/Managed'
Mono path[1] = 'C:/Program Files/Unity/Editor/2020.3.0f1/Editor/Data/MonoBleedingEdge/lib/mono/unityjit'
Mono config path = 'C:/Program Files/Unity/Editor/2020.3.0f1/Editor/Data/MonoBleedingEdge/etc'
Using monoOptions --debugger-agent=transport=dt_socket,embedding=1,server=y,suspend=n,address=127.0.0.1:56632
Begin MonoManager ReloadAssembly
Registering precompiled unity dll's ...
Register platform support module: C:/Program Files/Unity/Editor/2020.3.0f1/Editor/Data/PlaybackEngines/MacStandaloneSupport/UnityEditor.OSXStandalone.Extensions.dll
Register platform support module: C:/Program Files/Unity/Editor/2020.3.0f1/Editor/Data/PlaybackEngines/WindowsStandaloneSupport/UnityEditor.WindowsStandalone.Extensions.dll
Registered in 0.002105 seconds.
Native extension for WindowsStandalone target not found
Native extension for OSXStandalone target not found
Refreshing native plugins compatible for Editor in 25.85 ms, found 0 plugins.
Preloading 0 native plugins for Editor in 0.00 ms.
Invoked RoslynAnalysisRunner static constructor.
RoslynAnalysisRunner will not be running.
RoslynAnalysisRunner has terminated.
Mono: successfully reloaded assembly
- Completed reload, in  1.216 seconds
Platform modules already initialized, skipping
Registering precompiled user dll's ...
Registered in 0.000697 seconds.
Begin MonoManager ReloadAssembly
Native extension for WindowsStandalone target not found
Native extension for OSXStandalone target not found
Refreshing native plugins compatible for Editor in 26.30 ms, found 0 plugins.
Preloading 0 native plugins for Editor in 0.00 ms.
Invoked RoslynAnalysisRunner static constructor.
RoslynAnalysisRunner will not be running.
RoslynAnalysisRunner has terminated.
Mono: successfully reloaded assembly
- Completed reload, in  0.811 seconds
Platform modules already initialized, skipping
========================================================================
Worker process is ready to serve import requests
Launched and connected shader compiler UnityShaderCompiler.exe after 0.03 seconds
Refreshing native plugins compatible for Editor in 0.26 ms, found 0 plugins.
Preloading 0 native plugins for Editor in 0.00 ms.
Unloading 1736 Unused Serialized files (Serialized files now loaded: 0)
System memory in use before: 78.6 MB.
System memory in use after: 78.7 MB.

Unloading 14 unused Assets to reduce memory usage. Loaded Objects now: 2179.
Total: 1.848200 ms (FindLiveObjects: 0.217000 ms CreateObjectMapping: 0.102000 ms MarkObjects: 1.457200 ms  DeleteObjects: 0.071100 ms)

========================================================================
Received Import Request.
  path: Assets/Models
  artifactKey: Guid(af46254d33c240f4ab0babbe2f8319c0) Importer(815301076,1909f56bfc062723c751e8b465ee728b)
Start importing Assets/Models using Guid(af46254d33c240f4ab0babbe2f8319c0) Importer(815301076,1909f56bfc062723c751e8b465ee728b)  -> (artifact id: 'ffb4c5b4da54d39d033e5035ba736648') in 0.009352 seconds
  Import took 0.011541 seconds .

========================================================================
Received Import Request.
  Time since last request: 669.945397 seconds.
  path: Assets/Models/AnyConv.com__G1a3JXIz2UyYGPQy7vYlM2br1nmXzUIB.obj
  artifactKey: Guid(19b0a42413c93984289aed842a1d2ccc) Importer(815301076,1909f56bfc062723c751e8b465ee728b)
Start importing Assets/Models/AnyConv.com__G1a3JXIz2UyYGPQy7vYlM2br1nmXzUIB.obj using Guid(19b0a42413c93984289aed842a1d2ccc) Importer(815301076,1909f56bfc062723c751e8b465ee728b)  -> (artifact id: '370e63842d6984976f976d8040ab9d2f') in 0.167200 seconds
  Import took 0.170021 seconds .

========================================================================
Received Import Request.
  Time since last request: 139.805188 seconds.
  path: Assets/Models/WateringCan.obj
  artifactKey: Guid(19b0a42413c93984289aed842a1d2ccc) Importer(815301076,1909f56bfc062723c751e8b465ee728b)
Start importing Assets/Models/WateringCan.obj using Guid(19b0a42413c93984289aed842a1d2ccc) Importer(815301076,1909f56bfc062723c751e8b465ee728b)  -> (artifact id: '7794610fde5729c1251f89c1a2d3587f') in 0.063263 seconds
  Import took 0.065952 seconds .

========================================================================
Received Import Request.
  Time since last request: 10.587812 seconds.
  path: Assets/Models/WateringCan.prefab
  artifactKey: Guid(66bdf1b3d3268724c8498c9aae13f7ff) Importer(815301076,1909f56bfc062723c751e8b465ee728b)
Start importing Assets/Models/WateringCan.prefab using Guid(66bdf1b3d3268724c8498c9aae13f7ff) Importer(815301076,1909f56bfc062723c751e8b465ee728b)  -> (artifact id: '99ee200847ffb2af3e0db4541eeb5e31') in 0.019130 seconds
  Import took 0.021691 seconds .

========================================================================
Received Import Request.
  Time since last request: 0.001125 seconds.
  path: Assets/Models/WateringCan.prefab
  artifactKey: Guid(66bdf1b3d3268724c8498c9aae13f7ff) Importer(815301076,1909f56bfc062723c751e8b465ee728b)
Start importing Assets/Models/WateringCan.prefab using Guid(66bdf1b3d3268724c8498c9aae13f7ff) Importer(815301076,1909f56bfc062723c751e8b465ee728b)  -> (artifact id: '99ee200847ffb2af3e0db4541eeb5e31') in 0.009611 seconds
  Import took 0.012461 seconds .

========================================================================
Received Import Request.
  Time since last request: 1.063079 seconds.
  path: Assets/Scripts
  artifactKey: Guid(f4d82869813667d429657d7205dd9b25) Importer(815301076,1909f56bfc062723c751e8b465ee728b)
Start importing Assets/Scripts using Guid(f4d82869813667d429657d7205dd9b25) Importer(815301076,1909f56bfc062723c751e8b465ee728b)  -> (artifact id: '1422ee7074dd190fe935ecdf74a6668e') in 0.008123 seconds
  Import took 0.010561 seconds .

========================================================================
Received Import Request.
  Time since last request: 85.171685 seconds.
  path: Assets/Models/AnyConv.com__G1a3JXIz2UyYGPQy7vYlM2br1nmXzUIB.obj
  artifactKey: Guid(4048d73661e6d6b4ebdc56f8746d5675) Importer(815301076,1909f56bfc062723c751e8b465ee728b)
Start importing Assets/Models/AnyConv.com__G1a3JXIz2UyYGPQy7vYlM2br1nmXzUIB.obj using Guid(4048d73661e6d6b4ebdc56f8746d5675) Importer(815301076,1909f56bfc062723c751e8b465ee728b)  -> (artifact id: 'ea323184ece461a8ac0ec138df81b1f6') in 0.067256 seconds
  Import took 0.069801 seconds .

========================================================================
Received Import Request.
  Time since last request: 2.790613 seconds.
  path: Assets/Models/WateringCan.obj
  artifactKey: Guid(4048d73661e6d6b4ebdc56f8746d5675) Importer(815301076,1909f56bfc062723c751e8b465ee728b)
Start importing Assets/Models/WateringCan.obj using Guid(4048d73661e6d6b4ebdc56f8746d5675) Importer(815301076,1909f56bfc062723c751e8b465ee728b)  -> (artifact id: '246c339c8b69ad2c7b534720e80b35bf') in 0.060496 seconds
  Import took 0.062964 seconds .

========================================================================
Received Import Request.
  Time since last request: 58.381412 seconds.
  path: Assets/Models/WateringCan.prefab
  artifactKey: Guid(66bdf1b3d3268724c8498c9aae13f7ff) Importer(815301076,1909f56bfc062723c751e8b465ee728b)
Start importing Assets/Models/WateringCan.prefab using Guid(66bdf1b3d3268724c8498c9aae13f7ff) Importer(815301076,1909f56bfc062723c751e8b465ee728b)  -> (artifact id: '1c8a9236eb9ef0c554d6bbf321412160') in 0.011892 seconds
  Import took 0.015336 seconds .

========================================================================
Received Import Request.
  Time since last request: 123.970360 seconds.
  path: Assets/Models/WateringCan.prefab
  artifactKey: Guid(66bdf1b3d3268724c8498c9aae13f7ff) Importer(815301076,1909f56bfc062723c751e8b465ee728b)
Start importing Assets/Models/WateringCan.prefab using Guid(66bdf1b3d3268724c8498c9aae13f7ff) Importer(815301076,1909f56bfc062723c751e8b465ee728b)  -> (artifact id: 'e3c69b092a082a48ea098ae6db60c8fb') in 0.011909 seconds
  Import took 0.015252 seconds .

========================================================================
Received Import Request.
  Time since last request: 0.001352 seconds.
  path: Assets/Models/WateringCan.prefab
  artifactKey: Guid(66bdf1b3d3268724c8498c9aae13f7ff) Importer(815301076,1909f56bfc062723c751e8b465ee728b)
Start importing Assets/Models/WateringCan.prefab using Guid(66bdf1b3d3268724c8498c9aae13f7ff) Importer(815301076,1909f56bfc062723c751e8b465ee728b)  -> (artifact id: 'e3c69b092a082a48ea098ae6db60c8fb') in 0.008192 seconds
  Import took 0.011666 seconds .

