Using pre-set license
Built from '2020.3/staging' branch; Version is '2020.3.0f1 (c7b5465681fb) revision 13088070'; Using compiler version '192528614'; Build Type 'Release'
OS: 'Windows 10 Pro; OS build 19041.867; Version 2004; 64bit' Language: 'en' Physical Memory: 16332 MB
BatchMode: 1, IsHumanControllingUs: 0, StartBugReporterOnCrash: 0, Is64bit: 1, IsPro: 0

 COMMAND LINE ARGUMENTS:
C:\Program Files\Unity\Hub\Editor\2020.3.0f1\Editor\Unity.exe
-adb2
-batchMode
-noUpm
-name
AssetImportWorker0
-projectPath
C:/Users/wingl/Documents/GitHub/GIMM-310-AR-App/310ARapp
-logFile
Logs/AssetImportWorker0.log
-srvPort
58087
Successfully changed project path to: C:/Users/wingl/Documents/GitHub/GIMM-310-AR-App/310ARapp
C:/Users/wingl/Documents/GitHub/GIMM-310-AR-App/310ARapp
Using Asset Import Pipeline V2.
Refreshing native plugins compatible for Editor in 32.91 ms, found 0 plugins.
Preloading 0 native plugins for Editor in 0.00 ms.
Initialize engine version: 2020.3.0f1 (c7b5465681fb)
[Subsystems] Discovering subsystems at path C:/Program Files/Unity/Hub/Editor/2020.3.0f1/Editor/Data/Resources/UnitySubsystems
[Subsystems] Discovering subsystems at path C:/Users/wingl/Documents/GitHub/GIMM-310-AR-App/310ARapp/Assets
GfxDevice: creating device client; threaded=0
Direct3D:
    Version:  Direct3D 11.0 [level 11.1]
    Renderer: NVIDIA GeForce GTX 970 (ID=0x13c2)
    Vendor:   
    VRAM:     4043 MB
    Driver:   27.21.14.6589
Initialize mono
Mono path[0] = 'C:/Program Files/Unity/Hub/Editor/2020.3.0f1/Editor/Data/Managed'
Mono path[1] = 'C:/Program Files/Unity/Hub/Editor/2020.3.0f1/Editor/Data/MonoBleedingEdge/lib/mono/unityjit'
Mono config path = 'C:/Program Files/Unity/Hub/Editor/2020.3.0f1/Editor/Data/MonoBleedingEdge/etc'
Using monoOptions --debugger-agent=transport=dt_socket,embedding=1,server=y,suspend=n,address=127.0.0.1:56140
Begin MonoManager ReloadAssembly
Registering precompiled unity dll's ...
Register platform support module: C:/Program Files/Unity/Hub/Editor/2020.3.0f1/Editor/Data/PlaybackEngines/WindowsStandaloneSupport/UnityEditor.WindowsStandalone.Extensions.dll
Registered in 0.003392 seconds.
Native extension for WindowsStandalone target not found
Refreshing native plugins compatible for Editor in 31.14 ms, found 0 plugins.
Preloading 0 native plugins for Editor in 0.00 ms.
Invoked RoslynAnalysisRunner static constructor.
RoslynAnalysisRunner will not be running.
RoslynAnalysisRunner has terminated.
Mono: successfully reloaded assembly
- Completed reload, in  2.268 seconds
Platform modules already initialized, skipping
Registering precompiled user dll's ...
Registered in 0.001284 seconds.
Begin MonoManager ReloadAssembly
Native extension for WindowsStandalone target not found
Refreshing native plugins compatible for Editor in 38.24 ms, found 0 plugins.
Preloading 0 native plugins for Editor in 0.00 ms.
Invoked RoslynAnalysisRunner static constructor.
RoslynAnalysisRunner will not be running.
RoslynAnalysisRunner has terminated.
Mono: successfully reloaded assembly
- Completed reload, in  1.112 seconds
Platform modules already initialized, skipping
========================================================================
Worker process is ready to serve import requests
Launched and connected shader compiler UnityShaderCompiler.exe after 0.07 seconds
Refreshing native plugins compatible for Editor in 0.35 ms, found 0 plugins.
Preloading 0 native plugins for Editor in 0.00 ms.
Unloading 1736 Unused Serialized files (Serialized files now loaded: 0)
System memory in use before: 78.1 MB.
System memory in use after: 78.1 MB.

Unloading 14 unused Assets to reduce memory usage. Loaded Objects now: 2179.
Total: 3.023500 ms (FindLiveObjects: 0.401000 ms CreateObjectMapping: 0.086700 ms MarkObjects: 2.407900 ms  DeleteObjects: 0.126200 ms)

========================================================================
Received Import Request.
  path: Assets/Scenes/MainLesson.unity
  artifactKey: Guid(beb38abc3868ce841afe97866b98e438) Importer(815301076,1909f56bfc062723c751e8b465ee728b)
Start importing Assets/Scenes/MainLesson.unity using Guid(beb38abc3868ce841afe97866b98e438) Importer(815301076,1909f56bfc062723c751e8b465ee728b)  -> (artifact id: 'de0ea5e8a49e23d3eddc5d3fdd1fae37') in 0.020977 seconds
  Import took 0.024092 seconds .

========================================================================
Received Import Request.
  Time since last request: 0.000203 seconds.
  path: Assets/Models/Model Prefabs/PotSeedPlanted.prefab
  artifactKey: Guid(317d81003e9e6e14480404a7ffa3e0dd) Importer(815301076,1909f56bfc062723c751e8b465ee728b)
Start importing Assets/Models/Model Prefabs/PotSeedPlanted.prefab using Guid(317d81003e9e6e14480404a7ffa3e0dd) Importer(815301076,1909f56bfc062723c751e8b465ee728b)  -> (artifact id: '8115bc2565ab74433d48c19d81af3389') in 0.126612 seconds
  Import took 0.129370 seconds .

========================================================================
Received Import Request.
  Time since last request: 0.000220 seconds.
  path: Assets/Models/Model Prefabs/Sunflower.prefab
  artifactKey: Guid(2c2212bf689f03047b4ecb5087038ae8) Importer(815301076,1909f56bfc062723c751e8b465ee728b)
Start importing Assets/Models/Model Prefabs/Sunflower.prefab using Guid(2c2212bf689f03047b4ecb5087038ae8) Importer(815301076,1909f56bfc062723c751e8b465ee728b)  -> (artifact id: '8f2948ca98d035e552b76ec7531deebc') in 0.032331 seconds
  Import took 0.035363 seconds .

========================================================================
Received Import Request.
  Time since last request: 0.000254 seconds.
  path: Assets/Models/Model Prefabs/DevilPlant.prefab
  artifactKey: Guid(ff99bb97b8df5b54cb7bbf202296d1df) Importer(815301076,1909f56bfc062723c751e8b465ee728b)
Start importing Assets/Models/Model Prefabs/DevilPlant.prefab using Guid(ff99bb97b8df5b54cb7bbf202296d1df) Importer(815301076,1909f56bfc062723c751e8b465ee728b)  -> (artifact id: '318afe2f4ebaa19a95d3157dfaa54cde') in 0.029083 seconds
  Import took 0.031833 seconds .

========================================================================
Received Import Request.
  Time since last request: 0.000194 seconds.
  path: Assets/Scenes/arSequence.unity
  artifactKey: Guid(9fc0d4010bbf28b4594072e72b8655ab) Importer(815301076,1909f56bfc062723c751e8b465ee728b)
Start importing Assets/Scenes/arSequence.unity using Guid(9fc0d4010bbf28b4594072e72b8655ab) Importer(815301076,1909f56bfc062723c751e8b465ee728b)  -> (artifact id: 'c8f7b4bdd8d03e4ff8244e3f0dbdffe4') in 0.010124 seconds
  Import took 0.012743 seconds .

========================================================================
Received Import Request.
  Time since last request: 0.637414 seconds.
  path: Assets/Models/Model Prefabs/PotSeedless.prefab
  artifactKey: Guid(826f95644a3992f479707ebc5a82f621) Importer(815301076,1909f56bfc062723c751e8b465ee728b)
Start importing Assets/Models/Model Prefabs/PotSeedless.prefab using Guid(826f95644a3992f479707ebc5a82f621) Importer(815301076,1909f56bfc062723c751e8b465ee728b)  -> (artifact id: '6c2c7da0500ae5cdf09069dae3a9629d') in 0.025901 seconds
  Import took 0.029672 seconds .

========================================================================
Received Import Request.
  Time since last request: 4.194381 seconds.
  path: Assets/Models/Model Prefabs/Succulent.prefab
  artifactKey: Guid(4775c099feb889d49afd22d967b84dbc) Importer(815301076,1909f56bfc062723c751e8b465ee728b)
Start importing Assets/Models/Model Prefabs/Succulent.prefab using Guid(4775c099feb889d49afd22d967b84dbc) Importer(815301076,1909f56bfc062723c751e8b465ee728b)  -> (artifact id: '8623806d305b75d1794e72f6d26271d8') in 0.038432 seconds
  Import took 0.042002 seconds .

========================================================================
Received Import Request.
  Time since last request: 13.059850 seconds.
  path: Assets/Models/Model Prefabs
  artifactKey: Guid(60245dff601fff441a93ce6ea6386872) Importer(815301076,1909f56bfc062723c751e8b465ee728b)
Start importing Assets/Models/Model Prefabs using Guid(60245dff601fff441a93ce6ea6386872) Importer(815301076,1909f56bfc062723c751e8b465ee728b)  -> (artifact id: 'f96370f3166c27f86f1016374a71a54d') in 0.010435 seconds
  Import took 0.013552 seconds .

========================================================================
Received Import Request.
  Time since last request: 2.683249 seconds.
  path: Assets/Models
  artifactKey: Guid(af46254d33c240f4ab0babbe2f8319c0) Importer(815301076,1909f56bfc062723c751e8b465ee728b)
Start importing Assets/Models using Guid(af46254d33c240f4ab0babbe2f8319c0) Importer(815301076,1909f56bfc062723c751e8b465ee728b)  -> (artifact id: '7734e7a35cb2efb0d3b58c213fd077bf') in 0.010305 seconds
  Import took 0.013614 seconds .

========================================================================
Received Import Request.
  Time since last request: 0.556411 seconds.
  path: Assets/Images
  artifactKey: Guid(70dd52bfba37cb24c8a4a418c773bb53) Importer(815301076,1909f56bfc062723c751e8b465ee728b)
Start importing Assets/Images using Guid(70dd52bfba37cb24c8a4a418c773bb53) Importer(815301076,1909f56bfc062723c751e8b465ee728b)  -> (artifact id: '3194139f9a52f0d5f2db77f2d41192c9') in 0.013299 seconds
  Import took 0.016633 seconds .

========================================================================
Received Import Request.
  Time since last request: 0.001707 seconds.
  path: Assets/Images
  artifactKey: Guid(70dd52bfba37cb24c8a4a418c773bb53) Importer(815301076,1909f56bfc062723c751e8b465ee728b)
Start importing Assets/Images using Guid(70dd52bfba37cb24c8a4a418c773bb53) Importer(815301076,1909f56bfc062723c751e8b465ee728b)  -> (artifact id: '3194139f9a52f0d5f2db77f2d41192c9') in 0.005613 seconds
  Import took 0.009173 seconds .

========================================================================
Received Import Request.
  Time since last request: 1.473902 seconds.
  path: Assets/Images/glossaryIcon.png
  artifactKey: Guid(b2bb28025ef201c47bd88d5fde809350) Importer(815301076,1909f56bfc062723c751e8b465ee728b)
Start importing Assets/Images/glossaryIcon.png using Guid(b2bb28025ef201c47bd88d5fde809350) Importer(815301076,1909f56bfc062723c751e8b465ee728b)  -> (artifact id: 'b8449c024a2423a26fd0791a43a28bcb') in 0.093531 seconds
  Import took 0.096785 seconds .

========================================================================
Received Import Request.
  Time since last request: 6.286909 seconds.
  path: Assets/Models/obj files/AnyConv.com__1NmtBPludPtd0yh7V8V0u5jD5kaLVT6z.obj
  artifactKey: Guid(9b10c92eba6b95d49a4a22132dafed51) Importer(815301076,1909f56bfc062723c751e8b465ee728b)
Start importing Assets/Models/obj files/AnyConv.com__1NmtBPludPtd0yh7V8V0u5jD5kaLVT6z.obj using Guid(9b10c92eba6b95d49a4a22132dafed51) Importer(815301076,1909f56bfc062723c751e8b465ee728b)  -> (artifact id: 'a70d48337db8e9bf3efc2a3f9a3798f6') in 0.166471 seconds
  Import took 0.170005 seconds .

========================================================================
Received Import Request.
  Time since last request: 0.690480 seconds.
  path: Assets/Models/obj files/AnyConv.com__afnV8ZFGklwEVqu21GyVcBMu0XgcaNAf.obj
  artifactKey: Guid(f28d07bbdd6aed84fb665fd1b31be529) Importer(815301076,1909f56bfc062723c751e8b465ee728b)
Start importing Assets/Models/obj files/AnyConv.com__afnV8ZFGklwEVqu21GyVcBMu0XgcaNAf.obj using Guid(f28d07bbdd6aed84fb665fd1b31be529) Importer(815301076,1909f56bfc062723c751e8b465ee728b)  -> (artifact id: '0751fcc4f43a7e0147a5c8c308007e16') in 0.064470 seconds
  Import took 0.069264 seconds .

========================================================================
Received Import Request.
  Time since last request: 0.339518 seconds.
  path: Assets/Models/obj files/AnyConv.com__CbDtXmk5N5XoI4YPGDrVOj1grNOtKFma.obj
  artifactKey: Guid(c5853cf6e64f02c4facfae8fbd6aa053) Importer(815301076,1909f56bfc062723c751e8b465ee728b)
Start importing Assets/Models/obj files/AnyConv.com__CbDtXmk5N5XoI4YPGDrVOj1grNOtKFma.obj using Guid(c5853cf6e64f02c4facfae8fbd6aa053) Importer(815301076,1909f56bfc062723c751e8b465ee728b)  -> (artifact id: '25b129f6a1ac3430464f63f053d1e28e') in 0.073918 seconds
  Import took 0.077184 seconds .

========================================================================
Received Import Request.
  Time since last request: 0.711721 seconds.
  path: Assets/Models/obj files/AnyConv.com__dcyaWRmBfUlPj0qqBevt6Syc0Q7VVc37.obj
  artifactKey: Guid(d18c998f60c90944ab78a82779de2390) Importer(815301076,1909f56bfc062723c751e8b465ee728b)
Start importing Assets/Models/obj files/AnyConv.com__dcyaWRmBfUlPj0qqBevt6Syc0Q7VVc37.obj using Guid(d18c998f60c90944ab78a82779de2390) Importer(815301076,1909f56bfc062723c751e8b465ee728b)  -> (artifact id: '626728e272205438f5a35efaf7c1c8a2') in 0.081439 seconds
  Import took 0.085067 seconds .

========================================================================
Received Import Request.
  Time since last request: 0.266819 seconds.
  path: Assets/Models/obj files/AnyConv.com__Qs4Xr46bNf3Vpw4QPpyczM74jovymuIB.obj
  artifactKey: Guid(174af2bb0983f604db0e482500dec370) Importer(815301076,1909f56bfc062723c751e8b465ee728b)
Start importing Assets/Models/obj files/AnyConv.com__Qs4Xr46bNf3Vpw4QPpyczM74jovymuIB.obj using Guid(174af2bb0983f604db0e482500dec370) Importer(815301076,1909f56bfc062723c751e8b465ee728b)  -> (artifact id: 'eff107dd517ab620cc2b42fc826921af') in 0.080727 seconds
  Import took 0.084377 seconds .

========================================================================
Received Import Request.
  Time since last request: 2.006464 seconds.
  path: Assets/Models/wateringcan/WateringCan.obj
  artifactKey: Guid(4048d73661e6d6b4ebdc56f8746d5675) Importer(815301076,1909f56bfc062723c751e8b465ee728b)
Start importing Assets/Models/wateringcan/WateringCan.obj using Guid(4048d73661e6d6b4ebdc56f8746d5675) Importer(815301076,1909f56bfc062723c751e8b465ee728b)  -> (artifact id: 'b1772426903b4c0d1d07042a1455705d') in 0.078295 seconds
  Import took 0.081587 seconds .

========================================================================
Received Import Request.
  Time since last request: 0.418055 seconds.
  path: Assets/Models/wateringcan/WateringCan.prefab
  artifactKey: Guid(66bdf1b3d3268724c8498c9aae13f7ff) Importer(815301076,1909f56bfc062723c751e8b465ee728b)
Start importing Assets/Models/wateringcan/WateringCan.prefab using Guid(66bdf1b3d3268724c8498c9aae13f7ff) Importer(815301076,1909f56bfc062723c751e8b465ee728b)  -> (artifact id: 'e768048953e8f48a15f90c0876af7811') in 0.022458 seconds
  Import took 0.027726 seconds .

AssetImportWorkerClient::OnTransportError - code=2 error=End of file
